<?xml version="1.0" encoding="UTF-8"?>
<!-- Generated by org.testng.reporters.JUnitXMLReporter -->
<testsuite ignored="0" hostname="LTIN183334" failures="0" tests="6" name="chromeTest" time="90.297" errors="0" timestamp="2024-03-22T12:03:52 IST">
  <testcase classname="testCase.LoanCalcpage" name="UICheckForTextbox" time="1.584"/>
  <testcase classname="testCase.LoanCalcpage" name="UICheckForScales" time="0.328"/>
  <testcase classname="testCase.LoanCalcpage" name="checkInScaleForEmiCalculator" time="5.923"/>
  <testcase classname="testCase.LoanCalcpage" name="checkInScaleForLoanAmountCalculator" time="7.328"/>
  <testcase classname="testCase.EmiForHomeLoan" name="YearOnYearDetailsAndStoreInExcel" time="22.553"/>
  <testcase classname="testCase.EmiForCar" name="operations" time="8.709"/>
</testsuite> <!-- chromeTest -->
