<?xml version="1.0" encoding="UTF-8"?>
<!-- Generated by org.testng.reporters.JUnitXMLReporter -->
<testsuite ignored="0" hostname="LTIN183334" failures="0" tests="6" name="edgeTest" time="79.013" errors="0" timestamp="2024-03-22T12:05:12 IST">
  <testcase classname="testCase.LoanCalcpage" name="UICheckForTextbox" time="1.655"/>
  <testcase classname="testCase.LoanCalcpage" name="UICheckForScales" time="0.27"/>
  <testcase classname="testCase.LoanCalcpage" name="checkInScaleForEmiCalculator" time="6.071"/>
  <testcase classname="testCase.LoanCalcpage" name="checkInScaleForLoanAmountCalculator" time="7.33"/>
  <testcase classname="testCase.EmiForHomeLoan" name="YearOnYearDetailsAndStoreInExcel" time="20.951"/>
  <testcase classname="testCase.EmiForCar" name="operations" time="8.813"/>
</testsuite> <!-- edgeTest -->
