<?xml version="1.0" encoding="UTF-8"?>
<!-- Generated by org.testng.reporters.JUnitXMLReporter -->
<testsuite ignored="0" hostname="LTIN183334" failures="0" tests="6" name="Test" time="79.054" errors="0" timestamp="2024-03-22T12:09:46 IST">
  <testcase classname="testCase.EmiForCar" name="operations" time="8.935"/>
  <testcase classname="testCase.EmiForHomeLoan" name="YearOnYearDetailsAndStoreInExcel" time="24.434"/>
  <testcase classname="testCase.LoanCalcpage" name="UICheckForTextbox" time="1.786"/>
  <testcase classname="testCase.LoanCalcpage" name="UICheckForScales" time="0.23"/>
  <testcase classname="testCase.LoanCalcpage" name="checkInScaleForEmiCalculator" time="5.834"/>
  <testcase classname="testCase.LoanCalcpage" name="checkInScaleForLoanAmountCalculator" time="7.272"/>
</testsuite> <!-- Test -->
